<?xml version="1.0" encoding="UTF-8"?>
<testng-results ignored="0" total="1" passed="1" failed="0" skipped="0">
  <reporter-output>
  </reporter-output>
  <suite started-at="2026-01-26T20:49:53 EET" name="tests.TC03_SignupNewUserTest" finished-at="2026-01-26T20:50:33 EET" duration-ms="39103">
    <groups>
    </groups>
    <test started-at="2026-01-26T20:49:53 EET" name="Command line test" finished-at="2026-01-26T20:50:33 EET" duration-ms="39103">
      <class name="tests.TC03_SignupNewUserTest">
        <test-method is-config="true" signature="setup()[pri:0, instance:tests.TC03_SignupNewUserTest@1eb5174b]" started-at="2026-01-26T20:49:53 EET" name="setup" finished-at="2026-01-26T20:50:03 EET" duration-ms="9648" status="PASS">
          <reporter-output>
          </reporter-output>
        </test-method> <!-- setup -->
        <test-method signature="signupNewUser()[pri:0, instance:tests.TC03_SignupNewUserTest@1eb5174b]" started-at="2026-01-26T20:50:03 EET" name="signupNewUser" finished-at="2026-01-26T20:50:31 EET" duration-ms="28251" status="PASS">
          <reporter-output>
          </reporter-output>
        </test-method> <!-- signupNewUser -->
        <test-method is-config="true" signature="tearDown()[pri:0, instance:tests.TC03_SignupNewUserTest@1eb5174b]" started-at="2026-01-26T20:50:31 EET" name="tearDown" finished-at="2026-01-26T20:50:33 EET" duration-ms="1054" status="PASS">
          <reporter-output>
          </reporter-output>
        </test-method> <!-- tearDown -->
      </class> <!-- tests.TC03_SignupNewUserTest -->
    </test> <!-- Command line test -->
  </suite> <!-- tests.TC03_SignupNewUserTest -->
</testng-results>
